<?xml version="1.0" encoding="UTF-8"?>
<robot generator="Robot 3.1.2 (Python 3.7.4 on win32)" generated="20190831 01:28:28.282" rpa="false">
<suite id="s1" name="testCom" source="D:\qa\WebDemo-master\demoapp\html\lab5\testCom.robot">
<test id="s1-t1" name="a=1">
<kw name="Open Browser" library="SeleniumLibrary">
<doc>Opens a new browser instance to the given ``url``.</doc>
<arguments>
<arg>${TRIANGLE URL}</arg>
<arg>${BROWSER}</arg>
</arguments>
<msg timestamp="20190831 01:28:28.489" level="INFO">Opening browser 'Chrome' to base url 'http://localhost:7272/lab5/CommissionProblem.html'.</msg>
<status status="PASS" starttime="20190831 01:28:28.489" endtime="20190831 01:28:34.781"></status>
</kw>
<kw name="Set Selenium Speed" library="SeleniumLibrary">
<doc>Sets the delay that is waited after each Selenium command.</doc>
<arguments>
<arg>${DELAY}</arg>
</arguments>
<status status="PASS" starttime="20190831 01:28:34.781" endtime="20190831 01:28:34.782"></status>
</kw>
<kw name="Capture Page Screenshot" library="SeleniumLibrary">
<doc>Takes screenshot of the current page and embeds it into log file.</doc>
<msg timestamp="20190831 01:28:35.262" level="INFO" html="yes">&lt;/td&gt;&lt;/tr&gt;&lt;tr&gt;&lt;td colspan="3"&gt;&lt;a href="selenium-screenshot-33.png"&gt;&lt;img src="selenium-screenshot-33.png" width="800px"&gt;&lt;/a&gt;</msg>
<status status="PASS" starttime="20190831 01:28:34.782" endtime="20190831 01:28:35.263"></status>
</kw>
<kw name="Input Text" library="SeleniumLibrary">
<doc>Types the given ``text`` into text field identified by ``locator``.</doc>
<arguments>
<arg>lockNo</arg>
<arg>71</arg>
</arguments>
<msg timestamp="20190831 01:28:35.265" level="INFO">Typing text '71' into text field 'lockNo'.</msg>
<status status="PASS" starttime="20190831 01:28:35.264" endtime="20190831 01:28:35.706"></status>
</kw>
<kw name="Input Text" library="SeleniumLibrary">
<doc>Types the given ``text`` into text field identified by ``locator``.</doc>
<arguments>
<arg>stockNo</arg>
<arg>2</arg>
</arguments>
<msg timestamp="20190831 01:28:35.707" level="INFO">Typing text '2' into text field 'stockNo'.</msg>
<status status="PASS" starttime="20190831 01:28:35.707" endtime="20190831 01:28:36.096"></status>
</kw>
<kw name="Input Text" library="SeleniumLibrary">
<doc>Types the given ``text`` into text field identified by ``locator``.</doc>
<arguments>
<arg>barrelNo</arg>
<arg>3</arg>
</arguments>
<msg timestamp="20190831 01:28:36.096" level="INFO">Typing text '3' into text field 'barrelNo'.</msg>
<status status="PASS" starttime="20190831 01:28:36.096" endtime="20190831 01:28:36.475"></status>
</kw>
<kw name="Click Button" library="SeleniumLibrary">
<doc>Clicks button identified by ``locator``.</doc>
<arguments>
<arg>submit</arg>
</arguments>
<msg timestamp="20190831 01:28:36.475" level="INFO">Clicking button 'submit'.</msg>
<status status="PASS" starttime="20190831 01:28:36.475" endtime="20190831 01:28:36.842"></status>
</kw>
<status status="PASS" starttime="20190831 01:28:28.489" endtime="20190831 01:28:36.842" critical="yes"></status>
</test>
<test id="s1-t2" name="a=1">
<kw name="Open Browser" library="SeleniumLibrary">
<doc>Opens a new browser instance to the given ``url``.</doc>
<arguments>
<arg>${TRIANGLE URL}</arg>
<arg>${BROWSER}</arg>
</arguments>
<msg timestamp="20190831 01:28:36.842" level="INFO">Opening browser 'Chrome' to base url 'http://localhost:7272/lab5/CommissionProblem.html'.</msg>
<status status="PASS" starttime="20190831 01:28:36.842" endtime="20190831 01:28:42.721"></status>
</kw>
<kw name="Set Selenium Speed" library="SeleniumLibrary">
<doc>Sets the delay that is waited after each Selenium command.</doc>
<arguments>
<arg>${DELAY}</arg>
</arguments>
<status status="PASS" starttime="20190831 01:28:42.722" endtime="20190831 01:28:42.722"></status>
</kw>
<kw name="Capture Page Screenshot" library="SeleniumLibrary">
<doc>Takes screenshot of the current page and embeds it into log file.</doc>
<msg timestamp="20190831 01:28:43.162" level="INFO" html="yes">&lt;/td&gt;&lt;/tr&gt;&lt;tr&gt;&lt;td colspan="3"&gt;&lt;a href="selenium-screenshot-34.png"&gt;&lt;img src="selenium-screenshot-34.png" width="800px"&gt;&lt;/a&gt;</msg>
<status status="PASS" starttime="20190831 01:28:42.723" endtime="20190831 01:28:43.162"></status>
</kw>
<kw name="Input Text" library="SeleniumLibrary">
<doc>Types the given ``text`` into text field identified by ``locator``.</doc>
<arguments>
<arg>lockNo</arg>
<arg>71</arg>
</arguments>
<msg timestamp="20190831 01:28:43.165" level="INFO">Typing text '71' into text field 'lockNo'.</msg>
<status status="PASS" starttime="20190831 01:28:43.164" endtime="20190831 01:28:43.560"></status>
</kw>
<kw name="Input Text" library="SeleniumLibrary">
<doc>Types the given ``text`` into text field identified by ``locator``.</doc>
<arguments>
<arg>stockNo</arg>
<arg>2</arg>
</arguments>
<msg timestamp="20190831 01:28:43.561" level="INFO">Typing text '2' into text field 'stockNo'.</msg>
<status status="PASS" starttime="20190831 01:28:43.561" endtime="20190831 01:28:43.976"></status>
</kw>
<kw name="Input Text" library="SeleniumLibrary">
<doc>Types the given ``text`` into text field identified by ``locator``.</doc>
<arguments>
<arg>barrelNo</arg>
<arg>-1</arg>
</arguments>
<msg timestamp="20190831 01:28:43.977" level="INFO">Typing text '-1' into text field 'barrelNo'.</msg>
<status status="PASS" starttime="20190831 01:28:43.977" endtime="20190831 01:28:44.340"></status>
</kw>
<kw name="Click Button" library="SeleniumLibrary">
<doc>Clicks button identified by ``locator``.</doc>
<arguments>
<arg>submit</arg>
</arguments>
<msg timestamp="20190831 01:28:44.341" level="INFO">Clicking button 'submit'.</msg>
<status status="PASS" starttime="20190831 01:28:44.341" endtime="20190831 01:28:44.700"></status>
</kw>
<status status="PASS" starttime="20190831 01:28:36.842" endtime="20190831 01:28:44.701" critical="yes"></status>
</test>
<test id="s1-t3" name="a=1">
<kw name="Open Browser" library="SeleniumLibrary">
<doc>Opens a new browser instance to the given ``url``.</doc>
<arguments>
<arg>${TRIANGLE URL}</arg>
<arg>${BROWSER}</arg>
</arguments>
<msg timestamp="20190831 01:28:44.708" level="INFO">Opening browser 'Chrome' to base url 'http://localhost:7272/lab5/CommissionProblem.html'.</msg>
<status status="PASS" starttime="20190831 01:28:44.707" endtime="20190831 01:28:50.535"></status>
</kw>
<kw name="Set Selenium Speed" library="SeleniumLibrary">
<doc>Sets the delay that is waited after each Selenium command.</doc>
<arguments>
<arg>${DELAY}</arg>
</arguments>
<status status="PASS" starttime="20190831 01:28:50.536" endtime="20190831 01:28:50.536"></status>
</kw>
<kw name="Capture Page Screenshot" library="SeleniumLibrary">
<doc>Takes screenshot of the current page and embeds it into log file.</doc>
<msg timestamp="20190831 01:28:50.941" level="INFO" html="yes">&lt;/td&gt;&lt;/tr&gt;&lt;tr&gt;&lt;td colspan="3"&gt;&lt;a href="selenium-screenshot-35.png"&gt;&lt;img src="selenium-screenshot-35.png" width="800px"&gt;&lt;/a&gt;</msg>
<status status="PASS" starttime="20190831 01:28:50.537" endtime="20190831 01:28:50.941"></status>
</kw>
<kw name="Input Text" library="SeleniumLibrary">
<doc>Types the given ``text`` into text field identified by ``locator``.</doc>
<arguments>
<arg>lockNo</arg>
<arg>71</arg>
</arguments>
<msg timestamp="20190831 01:28:50.943" level="INFO">Typing text '71' into text field 'lockNo'.</msg>
<status status="PASS" starttime="20190831 01:28:50.942" endtime="20190831 01:28:51.347"></status>
</kw>
<kw name="Input Text" library="SeleniumLibrary">
<doc>Types the given ``text`` into text field identified by ``locator``.</doc>
<arguments>
<arg>stockNo</arg>
<arg>2</arg>
</arguments>
<msg timestamp="20190831 01:28:51.349" level="INFO">Typing text '2' into text field 'stockNo'.</msg>
<status status="PASS" starttime="20190831 01:28:51.348" endtime="20190831 01:28:51.797"></status>
</kw>
<kw name="Input Text" library="SeleniumLibrary">
<doc>Types the given ``text`` into text field identified by ``locator``.</doc>
<arguments>
<arg>barrelNo</arg>
<arg>92</arg>
</arguments>
<msg timestamp="20190831 01:28:51.797" level="INFO">Typing text '92' into text field 'barrelNo'.</msg>
<status status="PASS" starttime="20190831 01:28:51.797" endtime="20190831 01:28:52.188"></status>
</kw>
<kw name="Click Button" library="SeleniumLibrary">
<doc>Clicks button identified by ``locator``.</doc>
<arguments>
<arg>submit</arg>
</arguments>
<msg timestamp="20190831 01:28:52.190" level="INFO">Clicking button 'submit'.</msg>
<status status="PASS" starttime="20190831 01:28:52.189" endtime="20190831 01:28:52.597"></status>
</kw>
<status status="PASS" starttime="20190831 01:28:44.705" endtime="20190831 01:28:52.598" critical="yes"></status>
</test>
<test id="s1-t4" name="a=2">
<kw name="Open Browser" library="SeleniumLibrary">
<doc>Opens a new browser instance to the given ``url``.</doc>
<arguments>
<arg>${TRIANGLE URL}</arg>
<arg>${BROWSER}</arg>
</arguments>
<msg timestamp="20190831 01:28:52.603" level="INFO">Opening browser 'Chrome' to base url 'http://localhost:7272/lab5/CommissionProblem.html'.</msg>
<status status="PASS" starttime="20190831 01:28:52.603" endtime="20190831 01:28:58.377"></status>
</kw>
<kw name="Set Selenium Speed" library="SeleniumLibrary">
<doc>Sets the delay that is waited after each Selenium command.</doc>
<arguments>
<arg>${DELAY}</arg>
</arguments>
<status status="PASS" starttime="20190831 01:28:58.378" endtime="20190831 01:28:58.378"></status>
</kw>
<kw name="Capture Page Screenshot" library="SeleniumLibrary">
<doc>Takes screenshot of the current page and embeds it into log file.</doc>
<msg timestamp="20190831 01:28:58.820" level="INFO" html="yes">&lt;/td&gt;&lt;/tr&gt;&lt;tr&gt;&lt;td colspan="3"&gt;&lt;a href="selenium-screenshot-36.png"&gt;&lt;img src="selenium-screenshot-36.png" width="800px"&gt;&lt;/a&gt;</msg>
<status status="PASS" starttime="20190831 01:28:58.379" endtime="20190831 01:28:58.820"></status>
</kw>
<kw name="Input Text" library="SeleniumLibrary">
<doc>Types the given ``text`` into text field identified by ``locator``.</doc>
<arguments>
<arg>lockNo</arg>
<arg>71</arg>
</arguments>
<msg timestamp="20190831 01:28:58.822" level="INFO">Typing text '71' into text field 'lockNo'.</msg>
<status status="PASS" starttime="20190831 01:28:58.822" endtime="20190831 01:28:59.202"></status>
</kw>
<kw name="Input Text" library="SeleniumLibrary">
<doc>Types the given ``text`` into text field identified by ``locator``.</doc>
<arguments>
<arg>stockNo</arg>
<arg>-2</arg>
</arguments>
<msg timestamp="20190831 01:28:59.204" level="INFO">Typing text '-2' into text field 'stockNo'.</msg>
<status status="PASS" starttime="20190831 01:28:59.203" endtime="20190831 01:28:59.628"></status>
</kw>
<kw name="Input Text" library="SeleniumLibrary">
<doc>Types the given ``text`` into text field identified by ``locator``.</doc>
<arguments>
<arg>barrelNo</arg>
<arg>3</arg>
</arguments>
<msg timestamp="20190831 01:28:59.630" level="INFO">Typing text '3' into text field 'barrelNo'.</msg>
<status status="PASS" starttime="20190831 01:28:59.629" endtime="20190831 01:29:00.015"></status>
</kw>
<kw name="Click Button" library="SeleniumLibrary">
<doc>Clicks button identified by ``locator``.</doc>
<arguments>
<arg>submit</arg>
</arguments>
<msg timestamp="20190831 01:29:00.017" level="INFO">Clicking button 'submit'.</msg>
<status status="PASS" starttime="20190831 01:29:00.016" endtime="20190831 01:29:00.446"></status>
</kw>
<status status="PASS" starttime="20190831 01:28:52.601" endtime="20190831 01:29:00.446" critical="yes"></status>
</test>
<test id="s1-t5" name="a=2">
<kw name="Open Browser" library="SeleniumLibrary">
<doc>Opens a new browser instance to the given ``url``.</doc>
<arguments>
<arg>${TRIANGLE URL}</arg>
<arg>${BROWSER}</arg>
</arguments>
<msg timestamp="20190831 01:29:00.446" level="INFO">Opening browser 'Chrome' to base url 'http://localhost:7272/lab5/CommissionProblem.html'.</msg>
<status status="PASS" starttime="20190831 01:29:00.446" endtime="20190831 01:29:06.113"></status>
</kw>
<kw name="Set Selenium Speed" library="SeleniumLibrary">
<doc>Sets the delay that is waited after each Selenium command.</doc>
<arguments>
<arg>${DELAY}</arg>
</arguments>
<status status="PASS" starttime="20190831 01:29:06.114" endtime="20190831 01:29:06.114"></status>
</kw>
<kw name="Capture Page Screenshot" library="SeleniumLibrary">
<doc>Takes screenshot of the current page and embeds it into log file.</doc>
<msg timestamp="20190831 01:29:06.491" level="INFO" html="yes">&lt;/td&gt;&lt;/tr&gt;&lt;tr&gt;&lt;td colspan="3"&gt;&lt;a href="selenium-screenshot-37.png"&gt;&lt;img src="selenium-screenshot-37.png" width="800px"&gt;&lt;/a&gt;</msg>
<status status="PASS" starttime="20190831 01:29:06.115" endtime="20190831 01:29:06.492"></status>
</kw>
<kw name="Input Text" library="SeleniumLibrary">
<doc>Types the given ``text`` into text field identified by ``locator``.</doc>
<arguments>
<arg>lockNo</arg>
<arg>71</arg>
</arguments>
<msg timestamp="20190831 01:29:06.494" level="INFO">Typing text '71' into text field 'lockNo'.</msg>
<status status="PASS" starttime="20190831 01:29:06.493" endtime="20190831 01:29:06.929"></status>
</kw>
<kw name="Input Text" library="SeleniumLibrary">
<doc>Types the given ``text`` into text field identified by ``locator``.</doc>
<arguments>
<arg>stockNo</arg>
<arg>-2</arg>
</arguments>
<msg timestamp="20190831 01:29:06.929" level="INFO">Typing text '-2' into text field 'stockNo'.</msg>
<status status="PASS" starttime="20190831 01:29:06.929" endtime="20190831 01:29:07.304"></status>
</kw>
<kw name="Input Text" library="SeleniumLibrary">
<doc>Types the given ``text`` into text field identified by ``locator``.</doc>
<arguments>
<arg>barrelNo</arg>
<arg>-1</arg>
</arguments>
<msg timestamp="20190831 01:29:07.306" level="INFO">Typing text '-1' into text field 'barrelNo'.</msg>
<status status="PASS" starttime="20190831 01:29:07.305" endtime="20190831 01:29:07.685"></status>
</kw>
<kw name="Click Button" library="SeleniumLibrary">
<doc>Clicks button identified by ``locator``.</doc>
<arguments>
<arg>submit</arg>
</arguments>
<msg timestamp="20190831 01:29:07.687" level="INFO">Clicking button 'submit'.</msg>
<status status="PASS" starttime="20190831 01:29:07.687" endtime="20190831 01:29:08.047"></status>
</kw>
<status status="PASS" starttime="20190831 01:29:00.446" endtime="20190831 01:29:08.047" critical="yes"></status>
</test>
<test id="s1-t6" name="a=2">
<kw name="Open Browser" library="SeleniumLibrary">
<doc>Opens a new browser instance to the given ``url``.</doc>
<arguments>
<arg>${TRIANGLE URL}</arg>
<arg>${BROWSER}</arg>
</arguments>
<msg timestamp="20190831 01:29:08.050" level="INFO">Opening browser 'Chrome' to base url 'http://localhost:7272/lab5/CommissionProblem.html'.</msg>
<status status="PASS" starttime="20190831 01:29:08.050" endtime="20190831 01:29:13.745"></status>
</kw>
<kw name="Set Selenium Speed" library="SeleniumLibrary">
<doc>Sets the delay that is waited after each Selenium command.</doc>
<arguments>
<arg>${DELAY}</arg>
</arguments>
<status status="PASS" starttime="20190831 01:29:13.745" endtime="20190831 01:29:13.746"></status>
</kw>
<kw name="Capture Page Screenshot" library="SeleniumLibrary">
<doc>Takes screenshot of the current page and embeds it into log file.</doc>
<msg timestamp="20190831 01:29:14.168" level="INFO" html="yes">&lt;/td&gt;&lt;/tr&gt;&lt;tr&gt;&lt;td colspan="3"&gt;&lt;a href="selenium-screenshot-38.png"&gt;&lt;img src="selenium-screenshot-38.png" width="800px"&gt;&lt;/a&gt;</msg>
<status status="PASS" starttime="20190831 01:29:13.746" endtime="20190831 01:29:14.169"></status>
</kw>
<kw name="Input Text" library="SeleniumLibrary">
<doc>Types the given ``text`` into text field identified by ``locator``.</doc>
<arguments>
<arg>lockNo</arg>
<arg>71</arg>
</arguments>
<msg timestamp="20190831 01:29:14.171" level="INFO">Typing text '71' into text field 'lockNo'.</msg>
<status status="PASS" starttime="20190831 01:29:14.170" endtime="20190831 01:29:14.586"></status>
</kw>
<kw name="Input Text" library="SeleniumLibrary">
<doc>Types the given ``text`` into text field identified by ``locator``.</doc>
<arguments>
<arg>stockNo</arg>
<arg>-2</arg>
</arguments>
<msg timestamp="20190831 01:29:14.589" level="INFO">Typing text '-2' into text field 'stockNo'.</msg>
<status status="PASS" starttime="20190831 01:29:14.588" endtime="20190831 01:29:14.963"></status>
</kw>
<kw name="Input Text" library="SeleniumLibrary">
<doc>Types the given ``text`` into text field identified by ``locator``.</doc>
<arguments>
<arg>barrelNo</arg>
<arg>32</arg>
</arguments>
<msg timestamp="20190831 01:29:14.964" level="INFO">Typing text '32' into text field 'barrelNo'.</msg>
<status status="PASS" starttime="20190831 01:29:14.964" endtime="20190831 01:29:15.365"></status>
</kw>
<kw name="Click Button" library="SeleniumLibrary">
<doc>Clicks button identified by ``locator``.</doc>
<arguments>
<arg>submit</arg>
</arguments>
<msg timestamp="20190831 01:29:15.365" level="INFO">Clicking button 'submit'.</msg>
<status status="PASS" starttime="20190831 01:29:15.365" endtime="20190831 01:29:15.721"></status>
</kw>
<status status="PASS" starttime="20190831 01:29:08.050" endtime="20190831 01:29:15.721" critical="yes"></status>
</test>
<test id="s1-t7" name="a=3">
<kw name="Open Browser" library="SeleniumLibrary">
<doc>Opens a new browser instance to the given ``url``.</doc>
<arguments>
<arg>${TRIANGLE URL}</arg>
<arg>${BROWSER}</arg>
</arguments>
<msg timestamp="20190831 01:29:15.723" level="INFO">Opening browser 'Chrome' to base url 'http://localhost:7272/lab5/CommissionProblem.html'.</msg>
<status status="PASS" starttime="20190831 01:29:15.723" endtime="20190831 01:29:21.695"></status>
</kw>
<kw name="Set Selenium Speed" library="SeleniumLibrary">
<doc>Sets the delay that is waited after each Selenium command.</doc>
<arguments>
<arg>${DELAY}</arg>
</arguments>
<status status="PASS" starttime="20190831 01:29:21.695" endtime="20190831 01:29:21.696"></status>
</kw>
<kw name="Capture Page Screenshot" library="SeleniumLibrary">
<doc>Takes screenshot of the current page and embeds it into log file.</doc>
<msg timestamp="20190831 01:29:22.093" level="INFO" html="yes">&lt;/td&gt;&lt;/tr&gt;&lt;tr&gt;&lt;td colspan="3"&gt;&lt;a href="selenium-screenshot-39.png"&gt;&lt;img src="selenium-screenshot-39.png" width="800px"&gt;&lt;/a&gt;</msg>
<status status="PASS" starttime="20190831 01:29:21.696" endtime="20190831 01:29:22.093"></status>
</kw>
<kw name="Input Text" library="SeleniumLibrary">
<doc>Types the given ``text`` into text field identified by ``locator``.</doc>
<arguments>
<arg>lockNo</arg>
<arg>71</arg>
</arguments>
<msg timestamp="20190831 01:29:22.094" level="INFO">Typing text '71' into text field 'lockNo'.</msg>
<status status="PASS" starttime="20190831 01:29:22.094" endtime="20190831 01:29:22.455"></status>
</kw>
<kw name="Input Text" library="SeleniumLibrary">
<doc>Types the given ``text`` into text field identified by ``locator``.</doc>
<arguments>
<arg>stockNo</arg>
<arg>82</arg>
</arguments>
<msg timestamp="20190831 01:29:22.456" level="INFO">Typing text '82' into text field 'stockNo'.</msg>
<status status="PASS" starttime="20190831 01:29:22.456" endtime="20190831 01:29:22.818"></status>
</kw>
<kw name="Input Text" library="SeleniumLibrary">
<doc>Types the given ``text`` into text field identified by ``locator``.</doc>
<arguments>
<arg>barrelNo</arg>
<arg>3</arg>
</arguments>
<msg timestamp="20190831 01:29:22.818" level="INFO">Typing text '3' into text field 'barrelNo'.</msg>
<status status="PASS" starttime="20190831 01:29:22.818" endtime="20190831 01:29:23.173"></status>
</kw>
<kw name="Click Button" library="SeleniumLibrary">
<doc>Clicks button identified by ``locator``.</doc>
<arguments>
<arg>submit</arg>
</arguments>
<msg timestamp="20190831 01:29:23.173" level="INFO">Clicking button 'submit'.</msg>
<status status="PASS" starttime="20190831 01:29:23.173" endtime="20190831 01:29:23.519"></status>
</kw>
<status status="PASS" starttime="20190831 01:29:15.723" endtime="20190831 01:29:23.519" critical="yes"></status>
</test>
<test id="s1-t8" name="a=3">
<kw name="Open Browser" library="SeleniumLibrary">
<doc>Opens a new browser instance to the given ``url``.</doc>
<arguments>
<arg>${TRIANGLE URL}</arg>
<arg>${BROWSER}</arg>
</arguments>
<msg timestamp="20190831 01:29:23.523" level="INFO">Opening browser 'Chrome' to base url 'http://localhost:7272/lab5/CommissionProblem.html'.</msg>
<status status="PASS" starttime="20190831 01:29:23.523" endtime="20190831 01:29:29.750"></status>
</kw>
<kw name="Set Selenium Speed" library="SeleniumLibrary">
<doc>Sets the delay that is waited after each Selenium command.</doc>
<arguments>
<arg>${DELAY}</arg>
</arguments>
<status status="PASS" starttime="20190831 01:29:29.750" endtime="20190831 01:29:29.750"></status>
</kw>
<kw name="Capture Page Screenshot" library="SeleniumLibrary">
<doc>Takes screenshot of the current page and embeds it into log file.</doc>
<msg timestamp="20190831 01:29:30.159" level="INFO" html="yes">&lt;/td&gt;&lt;/tr&gt;&lt;tr&gt;&lt;td colspan="3"&gt;&lt;a href="selenium-screenshot-40.png"&gt;&lt;img src="selenium-screenshot-40.png" width="800px"&gt;&lt;/a&gt;</msg>
<status status="PASS" starttime="20190831 01:29:29.751" endtime="20190831 01:29:30.159"></status>
</kw>
<kw name="Input Text" library="SeleniumLibrary">
<doc>Types the given ``text`` into text field identified by ``locator``.</doc>
<arguments>
<arg>lockNo</arg>
<arg>71</arg>
</arguments>
<msg timestamp="20190831 01:29:30.159" level="INFO">Typing text '71' into text field 'lockNo'.</msg>
<status status="PASS" starttime="20190831 01:29:30.159" endtime="20190831 01:29:30.524"></status>
</kw>
<kw name="Input Text" library="SeleniumLibrary">
<doc>Types the given ``text`` into text field identified by ``locator``.</doc>
<arguments>
<arg>stockNo</arg>
<arg>82</arg>
</arguments>
<msg timestamp="20190831 01:29:30.524" level="INFO">Typing text '82' into text field 'stockNo'.</msg>
<status status="PASS" starttime="20190831 01:29:30.524" endtime="20190831 01:29:30.906"></status>
</kw>
<kw name="Input Text" library="SeleniumLibrary">
<doc>Types the given ``text`` into text field identified by ``locator``.</doc>
<arguments>
<arg>barrelNo</arg>
<arg>-1</arg>
</arguments>
<msg timestamp="20190831 01:29:30.906" level="INFO">Typing text '-1' into text field 'barrelNo'.</msg>
<status status="PASS" starttime="20190831 01:29:30.906" endtime="20190831 01:29:31.283"></status>
</kw>
<kw name="Click Button" library="SeleniumLibrary">
<doc>Clicks button identified by ``locator``.</doc>
<arguments>
<arg>submit</arg>
</arguments>
<msg timestamp="20190831 01:29:31.283" level="INFO">Clicking button 'submit'.</msg>
<status status="PASS" starttime="20190831 01:29:31.283" endtime="20190831 01:29:31.633"></status>
</kw>
<status status="PASS" starttime="20190831 01:29:23.521" endtime="20190831 01:29:31.633" critical="yes"></status>
</test>
<test id="s1-t9" name="a=3">
<kw name="Open Browser" library="SeleniumLibrary">
<doc>Opens a new browser instance to the given ``url``.</doc>
<arguments>
<arg>${TRIANGLE URL}</arg>
<arg>${BROWSER}</arg>
</arguments>
<msg timestamp="20190831 01:29:31.636" level="INFO">Opening browser 'Chrome' to base url 'http://localhost:7272/lab5/CommissionProblem.html'.</msg>
<status status="PASS" starttime="20190831 01:29:31.636" endtime="20190831 01:29:37.496"></status>
</kw>
<kw name="Set Selenium Speed" library="SeleniumLibrary">
<doc>Sets the delay that is waited after each Selenium command.</doc>
<arguments>
<arg>${DELAY}</arg>
</arguments>
<status status="PASS" starttime="20190831 01:29:37.496" endtime="20190831 01:29:37.497"></status>
</kw>
<kw name="Capture Page Screenshot" library="SeleniumLibrary">
<doc>Takes screenshot of the current page and embeds it into log file.</doc>
<msg timestamp="20190831 01:29:37.969" level="INFO" html="yes">&lt;/td&gt;&lt;/tr&gt;&lt;tr&gt;&lt;td colspan="3"&gt;&lt;a href="selenium-screenshot-41.png"&gt;&lt;img src="selenium-screenshot-41.png" width="800px"&gt;&lt;/a&gt;</msg>
<status status="PASS" starttime="20190831 01:29:37.497" endtime="20190831 01:29:37.969"></status>
</kw>
<kw name="Input Text" library="SeleniumLibrary">
<doc>Types the given ``text`` into text field identified by ``locator``.</doc>
<arguments>
<arg>lockNo</arg>
<arg>71</arg>
</arguments>
<msg timestamp="20190831 01:29:37.970" level="INFO">Typing text '71' into text field 'lockNo'.</msg>
<status status="PASS" starttime="20190831 01:29:37.970" endtime="20190831 01:29:38.332"></status>
</kw>
<kw name="Input Text" library="SeleniumLibrary">
<doc>Types the given ``text`` into text field identified by ``locator``.</doc>
<arguments>
<arg>stockNo</arg>
<arg>82</arg>
</arguments>
<msg timestamp="20190831 01:29:38.332" level="INFO">Typing text '82' into text field 'stockNo'.</msg>
<status status="PASS" starttime="20190831 01:29:38.332" endtime="20190831 01:29:38.688"></status>
</kw>
<kw name="Input Text" library="SeleniumLibrary">
<doc>Types the given ``text`` into text field identified by ``locator``.</doc>
<arguments>
<arg>barrelNo</arg>
<arg>92</arg>
</arguments>
<msg timestamp="20190831 01:29:38.688" level="INFO">Typing text '92' into text field 'barrelNo'.</msg>
<status status="PASS" starttime="20190831 01:29:38.688" endtime="20190831 01:29:39.051"></status>
</kw>
<kw name="Click Button" library="SeleniumLibrary">
<doc>Clicks button identified by ``locator``.</doc>
<arguments>
<arg>submit</arg>
</arguments>
<msg timestamp="20190831 01:29:39.051" level="INFO">Clicking button 'submit'.</msg>
<status status="PASS" starttime="20190831 01:29:39.051" endtime="20190831 01:29:39.396"></status>
</kw>
<status status="PASS" starttime="20190831 01:29:31.635" endtime="20190831 01:29:39.396" critical="yes"></status>
</test>
<status status="PASS" starttime="20190831 01:28:28.283" endtime="20190831 01:29:39.398"></status>
</suite>
<statistics>
<total>
<stat pass="9" fail="0">Critical Tests</stat>
<stat pass="9" fail="0">All Tests</stat>
</total>
<tag>
</tag>
<suite>
<stat pass="9" fail="0" id="s1" name="testCom">testCom</stat>
</suite>
</statistics>
<errors>
<msg timestamp="20190831 01:28:36.842" level="WARN">Multiple test cases with name 'a=1' executed in test suite 'testCom'.</msg>
<msg timestamp="20190831 01:28:44.704" level="WARN">Multiple test cases with name 'a=1' executed in test suite 'testCom'.</msg>
<msg timestamp="20190831 01:29:00.446" level="WARN">Multiple test cases with name 'a=2' executed in test suite 'testCom'.</msg>
<msg timestamp="20190831 01:29:08.049" level="WARN">Multiple test cases with name 'a=2' executed in test suite 'testCom'.</msg>
<msg timestamp="20190831 01:29:23.521" level="WARN">Multiple test cases with name 'a=3' executed in test suite 'testCom'.</msg>
<msg timestamp="20190831 01:29:31.634" level="WARN">Multiple test cases with name 'a=3' executed in test suite 'testCom'.</msg>
</errors>
</robot>
